This is pdfTeX, Version 3.14159265-2.6-1.40.19 (MiKTeX 2.9.6840 64-bit) (preloaded format=pdflatex 2018.10.29)  4 JUN 2019 13:55
entering extended mode
**./emnlp-ijcnlp-2019.tex
(emnlp-ijcnlp-2019.tex
LaTeX2e <2018-04-01> patch level 5
("C:\Program Files\MiKTeX 2.9\tex\latex\base\article.cls"
Document Class: article 2014/09/29 v1.4h Standard LaTeX document class
("C:\Program Files\MiKTeX 2.9\tex\latex\base\size11.clo"
File: size11.clo 2014/09/29 v1.4h Standard LaTeX file (size option)
)
\c@part=\count80
\c@section=\count81
\c@subsection=\count82
\c@subsubsection=\count83
\c@paragraph=\count84
\c@subparagraph=\count85
\c@figure=\count86
\c@table=\count87
\abovecaptionskip=\skip41
\belowcaptionskip=\skip42
\bibindent=\dimen102
)
(emnlp-ijcnlp-2019.sty
("C:\Program Files\MiKTeX 2.9\tex\latex\hyperref\hyperref.sty"
Package: hyperref 2018/09/30 v6.88a Hypertext links for LaTeX

("C:\Program Files\MiKTeX 2.9\tex\generic\oberdiek\hobsub-hyperref.sty"
Package: hobsub-hyperref 2016/05/16 v1.14 Bundle oberdiek, subset hyperref (HO)


("C:\Program Files\MiKTeX 2.9\tex\generic\oberdiek\hobsub-generic.sty"
Package: hobsub-generic 2016/05/16 v1.14 Bundle oberdiek, subset generic (HO)
Package: hobsub 2016/05/16 v1.14 Construct package bundles (HO)
Package: infwarerr 2016/05/16 v1.4 Providing info/warning/error messages (HO)
Package: ltxcmds 2016/05/16 v1.23 LaTeX kernel commands for general use (HO)
Package: ifluatex 2016/05/16 v1.4 Provides the ifluatex switch (HO)
Package ifluatex Info: LuaTeX not detected.
Package: ifvtex 2016/05/16 v1.6 Detect VTeX and its facilities (HO)
Package ifvtex Info: VTeX not detected.
Package: intcalc 2016/05/16 v1.2 Expandable calculations with integers (HO)
Package: ifpdf 2018/09/07 v3.3 Provides the ifpdf switch
Package: etexcmds 2016/05/16 v1.6 Avoid name clashes with e-TeX commands (HO)
Package etexcmds Info: Could not find \expanded.
(etexcmds)             That can mean that you are not using pdfTeX 1.50 or
(etexcmds)             that some package has redefined \expanded.
(etexcmds)             In the latter case, load this package earlier.
Package: kvsetkeys 2016/05/16 v1.17 Key value parser (HO)
Package: kvdefinekeys 2016/05/16 v1.4 Define keys (HO)
Package: pdftexcmds 2018/09/10 v0.29 Utility functions of pdfTeX for LuaTeX (HO
)
Package pdftexcmds Info: LuaTeX not detected.
Package pdftexcmds Info: \pdf@primitive is available.
Package pdftexcmds Info: \pdf@ifprimitive is available.
Package pdftexcmds Info: \pdfdraftmode found.
Package: pdfescape 2016/05/16 v1.14 Implements pdfTeX's escape features (HO)
Package: bigintcalc 2016/05/16 v1.4 Expandable calculations on big integers (HO
)
Package: bitset 2016/05/16 v1.2 Handle bit-vector datatype (HO)
Package: uniquecounter 2016/05/16 v1.3 Provide unlimited unique counter (HO)
)
Package hobsub Info: Skipping package `hobsub' (already loaded).
Package: letltxmacro 2016/05/16 v1.5 Let assignment for LaTeX macros (HO)
Package: hopatch 2016/05/16 v1.3 Wrapper for package hooks (HO)
Package: xcolor-patch 2016/05/16 xcolor patch
Package: atveryend 2016/05/16 v1.9 Hooks at the very end of document (HO)
Package atveryend Info: \enddocument detected (standard20110627).
Package: atbegshi 2016/06/09 v1.18 At begin shipout hook (HO)
Package: refcount 2016/05/16 v3.5 Data extraction from label references (HO)
Package: hycolor 2016/05/16 v1.8 Color options for hyperref/bookmark (HO)
)
("C:\Program Files\MiKTeX 2.9\tex\latex\graphics\keyval.sty"
Package: keyval 2014/10/28 v1.15 key=value parser (DPC)
\KV@toks@=\toks14
)
("C:\Program Files\MiKTeX 2.9\tex\generic\ifxetex\ifxetex.sty"
Package: ifxetex 2010/09/12 v0.6 Provides ifxetex conditional
)
("C:\Program Files\MiKTeX 2.9\tex\latex\oberdiek\auxhook.sty"
Package: auxhook 2016/05/16 v1.4 Hooks for auxiliary files (HO)
)
("C:\Program Files\MiKTeX 2.9\tex\latex\oberdiek\kvoptions.sty"
Package: kvoptions 2016/05/16 v3.12 Key value format for package options (HO)
)
\@linkdim=\dimen103
\Hy@linkcounter=\count88
\Hy@pagecounter=\count89

("C:\Program Files\MiKTeX 2.9\tex\latex\hyperref\pd1enc.def"
File: pd1enc.def 2018/09/30 v6.88a Hyperref: PDFDocEncoding definition (HO)
Now handling font encoding PD1 ...
... no UTF-8 mapping file for font encoding PD1
)
\Hy@SavedSpaceFactor=\count90

("C:\Program Files\MiKTeX 2.9\tex\latex\00miktex\hyperref.cfg"
File: hyperref.cfg 2002/06/06 v1.2 hyperref configuration of TeXLive
)
Package hyperref Info: Hyper figures OFF on input line 4535.
Package hyperref Info: Link nesting OFF on input line 4540.
Package hyperref Info: Hyper index ON on input line 4543.
Package hyperref Info: Plain pages OFF on input line 4550.
Package hyperref Info: Backreferencing OFF on input line 4555.
Package hyperref Info: Implicit mode ON; LaTeX internals redefined.
Package hyperref Info: Bookmarks ON on input line 4788.
\c@Hy@tempcnt=\count91

("C:\Program Files\MiKTeX 2.9\tex\latex\url\url.sty"
\Urlmuskip=\muskip10
Package: url 2013/09/16  ver 3.4  Verb mode for urls, etc.
)
LaTeX Info: Redefining \url on input line 5141.
\XeTeXLinkMargin=\dimen104
\Fld@menulength=\count92
\Field@Width=\dimen105
\Fld@charsize=\dimen106
Package hyperref Info: Hyper figures OFF on input line 6396.
Package hyperref Info: Link nesting OFF on input line 6401.
Package hyperref Info: Hyper index ON on input line 6404.
Package hyperref Info: backreferencing OFF on input line 6411.
Package hyperref Info: Link coloring OFF on input line 6416.
Package hyperref Info: Link coloring with OCG OFF on input line 6421.
Package hyperref Info: PDF/A mode OFF on input line 6426.
LaTeX Info: Redefining \ref on input line 6466.
LaTeX Info: Redefining \pageref on input line 6470.
\Hy@abspage=\count93
\c@Item=\count94
\c@Hfootnote=\count95
)
Package hyperref Info: Driver (autodetected): hpdftex.

("C:\Program Files\MiKTeX 2.9\tex\latex\hyperref\hpdftex.def"
File: hpdftex.def 2018/09/30 v6.88a Hyperref driver for pdfTeX
\Fld@listcount=\count96
\c@bookmark@seq@number=\count97

("C:\Program Files\MiKTeX 2.9\tex\latex\oberdiek\rerunfilecheck.sty"
Package: rerunfilecheck 2016/05/16 v1.8 Rerun checks for auxiliary files (HO)
Package uniquecounter Info: New unique counter `rerunfilecheck' on input line 2
82.
)
\Hy@SectionHShift=\skip43
)
("C:\Program Files\MiKTeX 2.9\tex\latex\xcolor\xcolor.sty"
Package: xcolor 2016/05/11 v2.12 LaTeX color extensions (UK)

("C:\Program Files\MiKTeX 2.9\tex\latex\graphics-cfg\color.cfg"
File: color.cfg 2016/01/02 v1.6 sample color configuration
)
Package xcolor Info: Driver file: pdftex.def on input line 225.

("C:\Program Files\MiKTeX 2.9\tex\latex\graphics-def\pdftex.def"
File: pdftex.def 2018/01/08 v1.0l Graphics/color driver for pdftex
)
Package xcolor Info: Model `cmy' substituted by `cmy0' on input line 1348.
Package xcolor Info: Model `hsb' substituted by `rgb' on input line 1352.
Package xcolor Info: Model `RGB' extended on input line 1364.
Package xcolor Info: Model `HTML' substituted by `rgb' on input line 1366.
Package xcolor Info: Model `Hsb' substituted by `hsb' on input line 1367.
Package xcolor Info: Model `tHsb' substituted by `hsb' on input line 1368.
Package xcolor Info: Model `HSB' substituted by `hsb' on input line 1369.
Package xcolor Info: Model `Gray' substituted by `gray' on input line 1370.
Package xcolor Info: Model `wave' substituted by `hsb' on input line 1371.
)
Package hyperref Info: Option `colorlinks' set `true' on input line 105.

Conference Style for EMNLP 2019
\titlebox=\skip44
\aclrulerbox=\box26
\aclrulercount=\count98
\aclruleroffset=\dimen107
\cv@lineheight=\dimen108
\cv@boxheight=\dimen109
\cv@tmpbox=\box27
\cv@refno=\count99
\cv@tot=\count100
\cv@tmpc@=\count101
\cv@tmpc=\count102
("C:\Program Files\MiKTeX 2.9\tex\latex\caption\caption.sty"
Package: caption 2018/10/06 v3.3-154 Customizing captions (AR)

("C:\Program Files\MiKTeX 2.9\tex\latex\caption\caption3.sty"
Package: caption3 2018/09/12 v1.8c caption3 kernel (AR)
Package caption3 Info: TeX engine: e-TeX on input line 64.
\captionmargin=\dimen110
\captionmargin@=\dimen111
\captionwidth=\dimen112
\caption@tempdima=\dimen113
\caption@indent=\dimen114
\caption@parindent=\dimen115
\caption@hangindent=\dimen116
)
\c@caption@flags=\count103
\c@ContinuedFloat=\count104
Package caption Info: hyperref package is loaded.
)
("C:\Program Files\MiKTeX 2.9\tex\latex\natbib\natbib.sty"
Package: natbib 2010/09/13 8.31b (PWD, AO)
\bibhang=\skip45
\bibsep=\skip46
LaTeX Info: Redefining \cite on input line 694.
\c@NAT@ctr=\count105
)
("C:\Program Files\MiKTeX 2.9\tex\latex\etoolbox\etoolbox.sty"
Package: etoolbox 2018/08/19 v2.5f e-TeX tools for LaTeX (JAW)
\etb@tempcnta=\count106
))
("C:\Program Files\MiKTeX 2.9\tex\latex\psnfss\times.sty"
Package: times 2005/04/12 PSNFSS-v9.2a (SPQR) 
)
("C:\Program Files\MiKTeX 2.9\tex\latex\base\latexsym.sty"
Package: latexsym 1998/08/17 v2.2e Standard LaTeX package (lasy symbols)
\symlasy=\mathgroup4
LaTeX Font Info:    Overwriting symbol font `lasy' in version `bold'
(Font)                  U/lasy/m/n --> U/lasy/b/n on input line 52.
)
(emnlp-ijcnlp-2019.aux)
\openout1 = `emnlp-ijcnlp-2019.aux'.

LaTeX Font Info:    Checking defaults for OML/cmm/m/it on input line 50.
LaTeX Font Info:    ... okay on input line 50.
LaTeX Font Info:    Checking defaults for T1/cmr/m/n on input line 50.
LaTeX Font Info:    ... okay on input line 50.
LaTeX Font Info:    Checking defaults for OT1/cmr/m/n on input line 50.
LaTeX Font Info:    ... okay on input line 50.
LaTeX Font Info:    Checking defaults for OMS/cmsy/m/n on input line 50.
LaTeX Font Info:    ... okay on input line 50.
LaTeX Font Info:    Checking defaults for OMX/cmex/m/n on input line 50.
LaTeX Font Info:    ... okay on input line 50.
LaTeX Font Info:    Checking defaults for U/cmr/m/n on input line 50.
LaTeX Font Info:    ... okay on input line 50.
LaTeX Font Info:    Checking defaults for PD1/pdf/m/n on input line 50.
LaTeX Font Info:    ... okay on input line 50.
LaTeX Font Info:    Try loading font information for OT1+ptm on input line 50.
 ("C:\Program Files\MiKTeX 2.9\tex\latex\psnfss\ot1ptm.fd"
File: ot1ptm.fd 2001/06/04 font definitions for OT1/ptm.
)
\AtBeginShipoutBox=\box28
Package hyperref Info: Link coloring ON on input line 50.
 ("C:\Program Files\MiKTeX 2.9\tex\latex\hyperref\nameref.sty"
Package: nameref 2016/05/21 v2.44 Cross-referencing by name of section

("C:\Program Files\MiKTeX 2.9\tex\generic\oberdiek\gettitlestring.sty"
Package: gettitlestring 2016/05/16 v1.5 Cleanup title references (HO)
)
\c@section@level=\count107
)
LaTeX Info: Redefining \ref on input line 50.
LaTeX Info: Redefining \pageref on input line 50.
LaTeX Info: Redefining \nameref on input line 50.

(emnlp-ijcnlp-2019.out) (emnlp-ijcnlp-2019.out)
\@outlinefile=\write3
\openout3 = `emnlp-ijcnlp-2019.out'.


("C:\Program Files\MiKTeX 2.9\tex\context\base\supp-pdf.mkii"
[Loading MPS to PDF converter (version 2006.09.02).]
\scratchcounter=\count108
\scratchdimen=\dimen117
\scratchbox=\box29
\nofMPsegments=\count109
\nofMParguments=\count110
\everyMPshowfont=\toks15
\MPscratchCnt=\count111
\MPscratchDim=\dimen118
\MPnumerator=\count112
\makeMPintoPDFobject=\count113
\everyMPtoPDFconversion=\toks16
) ABD: EveryShipout initializing macros
Package caption Info: Begin \AtBeginDocument code.
Package caption Info: End \AtBeginDocument code.
LaTeX Font Info:    Font shape `OT1/ptm/bx/n' in size <14.4> not available
(Font)              Font shape `OT1/ptm/b/n' tried instead on input line 51.
LaTeX Font Info:    External font `cmex10' loaded for size
(Font)              <12> on input line 51.
LaTeX Font Info:    External font `cmex10' loaded for size
(Font)              <8> on input line 51.
LaTeX Font Info:    External font `cmex10' loaded for size
(Font)              <6> on input line 51.
LaTeX Font Info:    Try loading font information for U+lasy on input line 51.

("C:\Program Files\MiKTeX 2.9\tex\latex\base\ulasy.fd"
File: ulasy.fd 1998/08/17 v2.2e LaTeX symbol font definitions
)
LaTeX Font Info:    Font shape `OT1/ptm/bx/n' in size <12> not available
(Font)              Font shape `OT1/ptm/b/n' tried instead on input line 51.
LaTeX Font Info:    Try loading font information for OT1+pcr on input line 66.

("C:\Program Files\MiKTeX 2.9\tex\latex\psnfss\ot1pcr.fd"
File: ot1pcr.fd 2001/06/04 font definitions for OT1/pcr.
)
LaTeX Font Info:    External font `cmex10' loaded for size
(Font)              <10.95> on input line 66.

Underfull \hbox (badness 4872) in paragraph at lines 64--82
\OT1/ptm/m/n/10.95 This doc-u-ment has been adapted from the
 []


Underfull \hbox (badness 10000) in paragraph at lines 64--82
\OT1/pcr/m/n/10.95 / / github . com / acl-[]org / acl-[]pub$[][]\OT1/ptm/m/n/10
.95 , with
 []


Underfull \hbox (badness 2662) in paragraph at lines 64--82
\OT1/ptm/m/n/10.95 El-sner and Preethi Ragha-van, NAACL 2018
 []


Underfull \hbox (badness 1817) in paragraph at lines 64--82
\OT1/ptm/m/n/10.95 White, those from ACL 2010 by Jing-Shing
 []

LaTeX Font Info:    Font shape `OT1/ptm/bx/n' in size <10.95> not available
(Font)              Font shape `OT1/ptm/b/n' tried instead on input line 90.

Underfull \vbox (badness 1789) has occurred while \output is active []

 [1{C:/Users/jjnun/AppData/Local/MiKTeX/2.9/pdftex/config/pdftex.map}



]
LaTeX Font Info:    External font `cmex10' loaded for size
(Font)              <9> on input line 142.
LaTeX Font Info:    External font `cmex10' loaded for size
(Font)              <5> on input line 142.

Underfull \hbox (badness 1681) in paragraph at lines 136--149
\OT1/ptm/m/n/10.95 SIGDAT pro-vides this de-scrip-tion in L[]T[]X2e
 []


Underfull \hbox (badness 10000) in paragraph at lines 136--149
\OT1/ptm/m/n/10.95 (\OT1/pcr/m/n/9 emnlp-ijcnlp-2019.tex\OT1/ptm/m/n/10.95 ) an
d PDF for-
 []


Underfull \hbox (badness 10000) in paragraph at lines 136--149
\OT1/ptm/m/n/10.95 mat (\OT1/pcr/m/n/9 emnlp-ijcnlp-2019.pdf\OT1/ptm/m/n/10.95 
), along with
 []


Underfull \hbox (badness 10000) in paragraph at lines 136--149
\OT1/ptm/m/n/10.95 the L[]T[]X2e style file used to for-mat it
 []


Underfull \hbox (badness 10000) in paragraph at lines 136--149
\OT1/pcr/m/n/9 org / downloads / emnlp-[]ijcnlp-[]2019-[]latex .
 []


Underfull \hbox (badness 10000) in paragraph at lines 136--149
\OT1/pcr/m/n/9 zip$[][]\OT1/ptm/m/n/10.95 ; a Mi-crosoft Word tem-plate file
 []


Underfull \hbox (badness 1320) in paragraph at lines 136--149
\OT1/ptm/m/n/10.95 (\OT1/pcr/m/n/9 emnlp-ijcnlp-2019-word.docx\OT1/ptm/m/n/10.9
5 ) and ex-am-ple
 []


Underfull \vbox (badness 3954) has occurred while \output is active []


Underfull \hbox (badness 10000) in paragraph at lines 174--180
[][]\OT1/pcr/m/n/10.95 \special{papersize=210mm,297mm}
 []


Underfull \hbox (badness 7685) in paragraph at lines 174--180
[]\OT1/ptm/m/n/10.95 in the la-tex pream-ble (di-rectly be-low the
 []


Underfull \hbox (badness 10000) in paragraph at lines 174--180
[][]\OT1/pcr/m/n/10.95 \usepackage []\OT1/ptm/m/n/10.95 com-mands). Then us-ing

 []

LaTeX Font Info:    Try loading font information for OMS+ptm on input line 194.

("C:\Program Files\MiKTeX 2.9\tex\latex\psnfss\omsptm.fd"
File: omsptm.fd 
)
LaTeX Font Info:    Font shape `OMS/ptm/m/n' in size <10.95> not available
(Font)              Font shape `OMS/cmsy/m/n' tried instead on input line 194.
 [2]
LaTeX Font Info:    Font shape `OT1/ptm/bx/n' in size <9> not available
(Font)              Font shape `OT1/ptm/b/n' tried instead on input line 294.
 [3]
Overfull \hbox (7.71362pt too wide) in paragraph at lines 368--374
[][]\OT1/pcr/m/n/9 \usepackage[nohyperref]{emnlp-ijcnlp-2019} 
 []


Underfull \hbox (badness 10000) in paragraph at lines 368--374

 []


Underfull \hbox (badness 1048) in paragraph at lines 391--395
[]\OT1/ptm/b/n/10.95 Anonymity: \OT1/ptm/m/n/10.95 As re-view-ing will be doubl
e-
 []


Underfull \hbox (badness 10000) in paragraph at lines 396--397
[]\OT1/ptm/m/n/10.95 ``We pre-vi-ously showed ([][]Gus-field[][],
 []

[4]
Underfull \hbox (badness 1152) in paragraph at lines 437--440
[]\OT1/ptm/m/n/10.95 The L[]T[]X and BibT[]X style files pro-vided
 []


Underfull \hbox (badness 1142) in paragraph at lines 475--480
\OT1/ptm/b/n/10.95 Illustrations\OT1/ptm/m/n/10.95 : Place fig-ures, ta-bles, a
nd pho-
 []

[5]
Underfull \hbox (badness 2285) in paragraph at lines 547--553
[]\OT1/ptm/m/n/10.95 However, note that sup-ple-men-tary ma-te-rial
 []


Underfull \hbox (badness 1859) in paragraph at lines 560--563
\OT1/ptm/m/n/10.95 The ac-knowl-edg-ments should go im-me-di-ately
 []


Underfull \hbox (badness 1215) in paragraph at lines 560--563
\OT1/ptm/m/n/10.95 knowl-edg-ments sec-tion. Do not in-clude this
 []


Underfull \hbox (badness 10000) in paragraph at lines 560--563

 []


Underfull \hbox (badness 10000) in paragraph at lines 564--565

 []


Underfull \hbox (badness 10000) in paragraph at lines 566--569
[]\OT1/ptm/m/n/10.95 Include your own bib file like this:
 []


Underfull \hbox (badness 10000) in paragraph at lines 566--569
[][]\OT1/pcr/m/n/9 \bibliographystyle{acl_natbib}
 []

(emnlp-ijcnlp-2019.bbl
Underfull \hbox (badness 1968) in paragraph at lines 570--1
[]\OT1/ptm/m/n/10.95 Where [][]\OT1/pcr/m/n/10.95 emnlp-ijcnlp-2019 []\OT1/ptm/
m/n/10.95 cor-re-sponds
 []

) [6]
Package atveryend Info: Empty hook `BeforeClearDocument' on input line 619.
 [7

]
Package atveryend Info: Empty hook `AfterLastShipout' on input line 619.
 (emnlp-ijcnlp-2019.aux)
Package atveryend Info: Executing hook `AtVeryEndDocument' on input line 619.
Package atveryend Info: Executing hook `AtEndAfterFileList' on input line 619.
Package rerunfilecheck Info: File `emnlp-ijcnlp-2019.out' has not changed.
(rerunfilecheck)             Checksum: D41D8CD98F00B204E9800998ECF8427E;0.
Package atveryend Info: Empty hook `AtVeryVeryEnd' on input line 619.
 )
(\end occurred when \iffalse on line 351 was incomplete) 
Here is how much of TeX's memory you used:
 7165 strings out of 492970
 106918 string characters out of 3135854
 214516 words of memory out of 3000000
 10939 multiletter control sequences out of 15000+200000
 30975 words of font info for 66 fonts, out of 3000000 for 9000
 1141 hyphenation exceptions out of 8191
 43i,18n,40p,1022b,374s stack positions out of 5000i,500n,10000p,200000b,50000s
{C:/Program Files/MiKTe
X 2.9/fonts/enc/dvips/base/8r.enc}<C:/Program Files/MiKTeX 2.9/fonts/type1/publ
ic/amsfonts/cm/cmmi10.pfb><C:/Program Files/MiKTeX 2.9/fonts/type1/public/amsfo
nts/cm/cmr10.pfb><C:/Program Files/MiKTeX 2.9/fonts/type1/public/amsfonts/cm/cm
sy10.pfb><C:/Program Files/MiKTeX 2.9/fonts/type1/urw/courier/ucrr8a.pfb><C:/Pr
ogram Files/MiKTeX 2.9/fonts/type1/urw/helvetic/uhvb8a.pfb><C:/Program Files/Mi
KTeX 2.9/fonts/type1/urw/times/utmb8a.pfb><C:/Program Files/MiKTeX 2.9/fonts/ty
pe1/urw/times/utmr8a.pfb><C:/Program Files/MiKTeX 2.9/fonts/type1/urw/times/utm
ri8a.pfb>
Output written on emnlp-ijcnlp-2019.pdf (7 pages, 156060 bytes).
PDF statistics:
 186 PDF objects out of 1000 (max. 8388607)
 43 named destinations out of 1000 (max. 500000)
 1 words of extra memory for PDF output out of 10000 (max. 10000000)

